TN:
SF:src\assets\logo.svg
FNF:0
FNH:0
LF:0
LH:0
BRF:0
BRH:0
end_of_record
TN:
SF:src\components\common\BackButton.jsx
FN:4,BackButton
FN:7,(anonymous_1)
FNF:2
FNH:2
FNDA:6,BackButton
FNDA:2,(anonymous_1)
DA:5,6
DA:7,6
DA:8,2
DA:9,1
DA:12,6
LF:5
LH:5
BRDA:4,0,0,6
BRDA:4,1,0,6
BRDA:8,2,0,1
BRDA:8,2,1,1
BRF:4
BRH:4
end_of_record
TN:
SF:src\components\common\Button.jsx
FN:15,Button
FNF:1
FNH:1
FNDA:156,Button
DA:1,9
DA:9,9
DA:23,156
LF:3
LH:3
BRDA:17,0,0,156
BRDA:18,1,0,156
BRDA:19,2,0,156
BRDA:20,3,0,156
BRF:4
BRH:4
end_of_record
TN:
SF:src\components\common\ContactModal.jsx
FN:5,ContactModal
FN:64,(anonymous_1)
FN:73,(anonymous_2)
FNF:3
FNH:1
FNDA:4,ContactModal
FNDA:0,(anonymous_1)
FNDA:0,(anonymous_2)
DA:6,4
DA:8,3
DA:9,4
DA:10,4
DA:12,4
DA:64,0
DA:73,0
LF:7
LH:5
BRDA:6,0,0,1
BRDA:6,0,1,3
BRDA:8,1,0,3
BRDA:8,1,1,0
BRDA:9,2,0,4
BRDA:9,2,1,0
BRDA:10,3,0,3
BRDA:10,3,1,0
BRDA:43,4,0,4
BRDA:43,4,1,3
BRDA:58,5,0,4
BRDA:58,5,1,0
BRDA:58,5,2,0
BRDA:58,5,3,3
BRDA:60,6,0,3
BRDA:60,6,1,3
BRDA:69,7,0,3
BRDA:69,7,1,3
BRDA:87,8,0,4
BRDA:87,8,1,3
BRF:20
BRH:15
end_of_record
TN:
SF:src\components\common\ImageGallery.jsx
FN:3,ImageGallery
FN:16,(anonymous_1)
FN:20,(anonymous_2)
FNF:3
FNH:3
FNDA:7,ImageGallery
FNDA:4,(anonymous_1)
FNDA:1,(anonymous_2)
DA:4,7
DA:5,7
DA:6,1
DA:9,6
DA:17,4
DA:20,1
LF:6
LH:6
BRDA:3,0,0,7
BRDA:3,1,0,7
BRDA:5,2,0,1
BRDA:5,2,1,6
BRDA:14,3,0,6
BRDA:14,3,1,2
BRDA:22,4,0,2
BRDA:22,4,1,2
BRF:8
BRH:8
end_of_record
TN:
SF:src\components\common\Input.jsx
FN:1,Input
FNF:1
FNH:1
FNDA:68,Input
DA:2,68
DA:3,68
LF:2
LH:2
BRDA:1,0,0,68
BRDA:2,1,0,68
BRDA:2,1,1,0
BRDA:2,1,2,0
BRDA:2,2,0,0
BRDA:2,2,1,0
BRDA:5,3,0,68
BRDA:5,3,1,68
BRDA:13,4,0,2
BRDA:13,4,1,66
BRDA:17,5,0,68
BRDA:17,5,1,68
BRDA:17,5,2,66
BRDA:18,6,0,68
BRDA:18,6,1,2
BRF:15
BRH:11
end_of_record
TN:
SF:src\components\common\RatingStars.jsx
FN:4,RatingStars
FN:20,(anonymous_1)
FN:22,(anonymous_2)
FN:41,(anonymous_3)
FN:42,(anonymous_4)
FN:59,RatingDisplay
FNF:6
FNH:5
FNDA:160,RatingStars
FNDA:0,(anonymous_1)
FNDA:800,(anonymous_2)
FNDA:1,(anonymous_3)
FNDA:4,(anonymous_4)
FNDA:77,RatingDisplay
DA:11,160
DA:12,160
DA:13,160
DA:15,160
DA:20,0
DA:23,800
DA:24,800
DA:25,460
DA:36,340
DA:41,1
DA:42,4
DA:60,77
DA:61,0
DA:63,77
LF:14
LH:12
BRDA:5,0,0,160
BRDA:7,1,0,160
BRDA:8,2,0,160
BRDA:12,3,0,65
BRDA:12,3,1,95
BRDA:12,4,0,88
BRDA:12,4,1,7
BRDA:13,5,0,92
BRDA:13,5,1,68
BRDA:13,6,0,68
BRDA:13,6,1,11
BRDA:16,7,0,92
BRDA:16,7,1,68
BRDA:16,8,0,160
BRDA:16,8,1,95
BRDA:17,9,0,160
BRDA:17,9,1,65
BRDA:17,9,2,65
BRDA:20,10,0,92
BRDA:20,10,1,0
BRDA:24,11,0,460
BRDA:24,11,1,340
BRDA:29,12,0,456
BRDA:29,12,1,4
BRDA:47,13,0,303
BRDA:47,13,1,37
BRDA:59,14,0,77
BRDA:60,15,0,0
BRDA:60,15,1,77
BRF:29
BRH:27
end_of_record
TN:
SF:src\components\common\ReviewForm.jsx
FN:7,ReviewForm
FN:13,(anonymous_1)
FN:46,(anonymous_2)
FNF:3
FNH:3
FNDA:64,ReviewForm
FNDA:3,(anonymous_1)
FNDA:56,(anonymous_2)
DA:8,64
DA:9,64
DA:10,64
DA:11,64
DA:13,64
DA:14,3
DA:15,3
DA:16,1
DA:17,1
DA:18,1
DA:19,1
DA:21,2
DA:22,1
DA:23,1
DA:24,1
DA:25,1
DA:27,1
DA:28,1
DA:29,1
DA:30,1
DA:31,1
DA:35,64
DA:46,56
LF:23
LH:23
BRDA:15,0,0,1
BRDA:15,0,1,2
BRDA:21,1,0,1
BRDA:21,1,1,1
BRDA:29,2,0,1
BRDA:29,2,1,0
BRDA:54,3,0,64
BRDA:54,3,1,2
BRF:8
BRH:7
end_of_record
TN:
SF:src\components\common\ReviewList.jsx
FN:3,ReviewList
FN:8,(anonymous_1)
FN:12,(anonymous_2)
FNF:3
FNH:3
FNDA:4,ReviewList
FNDA:16,(anonymous_1)
FNDA:15,(anonymous_2)
DA:4,4
DA:5,0
DA:8,16
DA:10,4
DA:13,15
LF:5
LH:4
BRDA:3,0,0,4
BRDA:4,1,0,0
BRDA:4,1,1,4
BRF:3
BRH:2
end_of_record
TN:
SF:src\components\common\ServiceCard.jsx
FN:7,ServiceCard
FN:8,(anonymous_1)
FNF:2
FNH:2
FNDA:36,ServiceCard
FNDA:150,(anonymous_1)
DA:8,150
DA:9,36
DA:10,36
DA:11,36
DA:13,36
LF:5
LH:5
BRDA:8,0,0,36
BRDA:8,0,1,0
BRDA:10,1,0,36
BRDA:10,1,1,0
BRDA:16,2,0,36
BRDA:16,2,1,36
BRF:6
BRH:4
end_of_record
TN:
SF:src\components\common\ToastContainer.jsx
FN:3,ToastContainer
FN:8,(anonymous_1)
FN:22,(anonymous_2)
FNF:3
FNH:2
FNDA:27,ToastContainer
FNDA:2,(anonymous_1)
FNDA:0,(anonymous_2)
DA:4,27
DA:6,27
DA:9,2
DA:22,0
LF:4
LH:3
BRDA:13,0,0,0
BRDA:13,0,1,2
BRF:2
BRH:1
end_of_record
TN:
SF:src\components\layout\Footer.jsx
FN:3,Footer
FNF:1
FNH:1
FNDA:27,Footer
DA:4,27
LF:1
LH:1
BRF:0
BRH:0
end_of_record
TN:
SF:src\components\layout\Logo.jsx
FN:4,Logo
FNF:1
FNH:1
FNDA:63,Logo
DA:5,63
LF:1
LH:1
BRDA:4,0,0,63
BRDA:4,1,0,63
BRDA:8,2,0,63
BRDA:8,2,1,63
BRF:4
BRH:4
end_of_record
TN:
SF:src\components\layout\MainLayout.jsx
FN:5,MainLayout
FNF:1
FNH:1
FNDA:27,MainLayout
DA:6,27
LF:1
LH:1
BRDA:5,0,0,27
BRDA:10,1,0,27
BRDA:10,1,1,27
BRF:3
BRH:3
end_of_record
TN:
SF:src\components\layout\Navbar.jsx
FN:8,Navbar
FN:14,(anonymous_1)
FN:42,(anonymous_2)
FN:59,(anonymous_3)
FN:68,(anonymous_4)
FN:76,(anonymous_5)
FN:85,(anonymous_6)
FNF:7
FNH:3
FNDA:36,Navbar
FNDA:1,(anonymous_1)
FNDA:3,(anonymous_2)
FNDA:0,(anonymous_3)
FNDA:0,(anonymous_4)
FNDA:0,(anonymous_5)
FNDA:0,(anonymous_6)
DA:9,36
DA:10,36
DA:11,36
DA:12,36
DA:14,36
DA:15,1
DA:16,1
DA:17,1
DA:20,36
DA:22,36
DA:42,3
DA:59,0
DA:68,0
DA:76,0
DA:85,0
LF:15
LH:11
BRDA:27,0,0,5
BRDA:27,0,1,31
BRDA:47,1,0,0
BRDA:47,1,1,31
BRDA:55,2,0,3
BRDA:55,2,1,28
BRDA:57,3,0,31
BRDA:57,3,1,3
BRDA:81,4,0,3
BRDA:81,4,1,1
BRF:10
BRH:9
end_of_record
TN:
SF:src\constants\categories.js
FNF:0
FNH:0
DA:1,3
DA:12,3
LF:2
LH:2
BRF:0
BRH:0
end_of_record
TN:
SF:src\constants\images.js
FNF:0
FNH:0
DA:3,11
LF:1
LH:1
BRF:0
BRH:0
end_of_record
TN:
SF:src\context\AuthContext.jsx
FN:8,AuthProvider
FN:14,(anonymous_1)
FN:16,(anonymous_2)
FN:23,(anonymous_3)
FN:33,(anonymous_4)
FN:43,(anonymous_5)
FN:60,(anonymous_6)
FN:71,(anonymous_7)
FN:72,(anonymous_8)
FN:76,(anonymous_9)
FN:77,(anonymous_10)
FN:81,(anonymous_11)
FN:83,(anonymous_12)
FN:86,(anonymous_13)
FN:93,(anonymous_14)
FN:95,(anonymous_15)
FN:117,(anonymous_16)
FN:136,useAuth
FNF:18
FNH:18
FNDA:45,AuthProvider
FNDA:5,(anonymous_1)
FNDA:12,(anonymous_2)
FNDA:4,(anonymous_3)
FNDA:3,(anonymous_4)
FNDA:8,(anonymous_5)
FNDA:1,(anonymous_6)
FNDA:2,(anonymous_7)
FNDA:2,(anonymous_8)
FNDA:5,(anonymous_9)
FNDA:13,(anonymous_10)
FNDA:37,(anonymous_11)
FNDA:34,(anonymous_12)
FNDA:2,(anonymous_13)
FNDA:1,(anonymous_14)
FNDA:7,(anonymous_15)
FNDA:32,(anonymous_16)
FNDA:135,useAuth
DA:6,7
DA:9,45
DA:10,45
DA:12,45
DA:14,45
DA:16,5
DA:17,12
DA:19,5
DA:20,1
DA:21,1
DA:23,4
DA:27,4
DA:28,4
DA:33,45
DA:35,3
DA:36,1
DA:37,1
DA:39,2
DA:40,0
DA:41,0
DA:43,8
DA:44,1
DA:45,1
DA:47,1
DA:60,3
DA:65,3
DA:66,3
DA:71,45
DA:72,2
DA:73,2
DA:76,45
DA:77,13
DA:81,45
DA:82,37
DA:83,34
DA:86,45
DA:88,2
DA:89,2
DA:90,1
DA:91,1
DA:93,1
DA:96,7
DA:111,1
DA:112,1
DA:117,45
DA:118,32
DA:133,45
DA:137,135
DA:138,135
DA:139,135
LF:50
LH:48
BRDA:17,0,0,12
BRDA:17,0,1,4
BRDA:19,1,0,1
BRDA:19,1,1,4
BRDA:35,2,0,1
BRDA:35,2,1,2
BRDA:39,3,0,0
BRDA:39,3,1,2
BRDA:43,4,0,1
BRDA:43,4,1,1
BRDA:58,5,0,0
BRDA:58,5,1,1
BRDA:77,6,0,5
BRDA:77,6,1,0
BRDA:82,7,0,5
BRDA:82,7,1,32
BRDA:83,8,0,32
BRDA:83,8,1,0
BRDA:88,9,0,0
BRDA:88,9,1,2
BRDA:89,10,0,1
BRDA:89,10,1,1
BRDA:96,11,0,1
BRDA:96,11,1,6
BRDA:100,12,0,1
BRDA:100,12,1,0
BRDA:101,13,0,1
BRDA:101,13,1,0
BRDA:102,14,0,1
BRDA:102,14,1,1
BRDA:103,15,0,1
BRDA:103,15,1,1
BRDA:104,16,0,1
BRDA:104,16,1,1
BRDA:105,17,0,0
BRDA:105,17,1,1
BRDA:105,18,0,0
BRDA:105,18,1,0
BRDA:138,19,0,0
BRDA:138,19,1,135
BRF:40
BRH:29
end_of_record
TN:
SF:src\context\ServiceContext.jsx
FN:15,ServiceProvider
FN:22,(anonymous_1)
FN:22,(anonymous_2)
FN:24,(anonymous_3)
FN:45,(anonymous_4)
FN:52,(anonymous_5)
FN:54,(anonymous_6)
FN:59,(anonymous_7)
FN:61,(anonymous_8)
FN:79,(anonymous_9)
FN:81,(anonymous_10)
FN:86,(anonymous_11)
FN:86,(anonymous_12)
FN:93,(anonymous_13)
FN:99,(anonymous_14)
FN:121,(anonymous_15)
FN:123,(anonymous_16)
FN:133,(anonymous_17)
FN:148,useServices
FNF:19
FNH:17
FNDA:26,ServiceProvider
FNDA:6,(anonymous_1)
FNDA:12,(anonymous_2)
FNDA:2,(anonymous_3)
FNDA:1,(anonymous_4)
FNDA:1,(anonymous_5)
FNDA:1,(anonymous_6)
FNDA:0,(anonymous_7)
FNDA:0,(anonymous_8)
FNDA:1,(anonymous_9)
FNDA:1,(anonymous_10)
FNDA:1,(anonymous_11)
FNDA:6,(anonymous_12)
FNDA:4,(anonymous_13)
FNDA:9,(anonymous_14)
FNDA:2,(anonymous_15)
FNDA:12,(anonymous_16)
FNDA:22,(anonymous_17)
FNDA:37,useServices
DA:13,5
DA:16,26
DA:17,26
DA:18,26
DA:20,26
DA:22,26
DA:24,26
DA:26,2
DA:27,1
DA:28,1
DA:30,1
DA:31,0
DA:32,0
DA:34,1
DA:45,1
DA:46,1
DA:47,1
DA:52,26
DA:54,1
DA:55,1
DA:56,1
DA:57,1
DA:59,0
DA:62,0
DA:73,0
DA:74,0
DA:79,26
DA:81,1
DA:82,1
DA:83,0
DA:84,0
DA:86,6
DA:87,1
DA:88,1
DA:93,26
DA:95,4
DA:96,0
DA:97,0
DA:99,9
DA:100,4
DA:101,3
DA:102,1
DA:103,1
DA:105,2
DA:106,0
DA:107,0
DA:109,2
DA:110,0
DA:111,0
DA:113,2
DA:121,2
DA:124,12
DA:127,2
DA:128,2
DA:133,26
DA:134,22
DA:145,26
DA:149,37
DA:150,37
DA:151,37
LF:60
LH:46
BRDA:26,0,0,1
BRDA:26,0,1,1
BRDA:26,1,0,2
BRDA:26,1,1,2
BRDA:30,2,0,0
BRDA:30,2,1,1
BRDA:30,3,0,1
BRDA:30,3,1,1
BRDA:30,3,2,1
BRDA:55,4,0,1
BRDA:55,4,1,0
BRDA:55,5,0,1
BRDA:55,5,1,1
BRDA:62,6,0,0
BRDA:62,6,1,0
BRDA:66,7,0,0
BRDA:66,7,1,0
BRDA:67,8,0,0
BRDA:67,8,1,0
BRDA:68,9,0,0
BRDA:68,9,1,0
BRDA:82,10,0,0
BRDA:82,10,1,1
BRDA:82,11,0,1
BRDA:82,11,1,1
BRDA:95,12,0,0
BRDA:95,12,1,4
BRDA:100,13,0,1
BRDA:100,13,1,3
BRDA:101,14,0,1
BRDA:101,14,1,2
BRDA:105,15,0,0
BRDA:105,15,1,2
BRDA:105,16,0,2
BRDA:105,16,1,1
BRDA:109,17,0,0
BRDA:109,17,1,2
BRDA:109,18,0,2
BRDA:109,18,1,2
BRDA:124,19,0,2
BRDA:124,19,1,10
BRDA:124,20,0,2
BRDA:124,20,1,0
BRDA:150,21,0,0
BRDA:150,21,1,37
BRF:45
BRH:29
end_of_record
TN:
SF:src\context\ToastContext.jsx
FN:7,ToastProvider
FN:10,(anonymous_1)
FN:11,(anonymous_2)
FN:11,(anonymous_3)
FN:14,(anonymous_4)
FN:16,(anonymous_5)
FN:17,(anonymous_6)
FN:20,(anonymous_7)
FN:25,useToast
FNF:9
FNH:5
FNDA:49,ToastProvider
FNDA:0,(anonymous_1)
FNDA:0,(anonymous_2)
FNDA:0,(anonymous_3)
FNDA:24,(anonymous_4)
FNDA:24,(anonymous_5)
FNDA:0,(anonymous_6)
FNDA:49,(anonymous_7)
FNDA:200,useToast
DA:3,8
DA:5,8
DA:8,49
DA:10,49
DA:11,0
DA:14,49
DA:15,24
DA:16,24
DA:17,24
DA:20,49
DA:22,49
DA:26,200
DA:27,200
DA:28,200
LF:14
LH:13
BRDA:14,0,0,24
BRDA:27,1,0,0
BRDA:27,1,1,200
BRF:3
BRH:2
end_of_record
TN:
SF:src\hooks\useLocalStorage.js
FN:4,useLocalStorage
FN:5,(anonymous_1)
FN:7,(anonymous_2)
FN:8,(anonymous_3)
FNF:4
FNH:4
FNDA:71,useLocalStorage
FNDA:40,(anonymous_1)
FNDA:12,(anonymous_2)
FNDA:12,(anonymous_3)
DA:5,71
DA:7,71
DA:8,12
DA:9,12
DA:10,12
DA:11,12
DA:15,71
LF:7
LH:7
BRDA:9,0,0,12
BRDA:9,0,1,0
BRF:2
BRH:1
end_of_record
TN:
SF:src\services\seedData.js
FN:3,(anonymous_0)
FN:246,getSeedState
FNF:2
FNH:2
FNDA:189,(anonymous_0)
FNDA:31,getSeedState
DA:3,189
DA:12,9
DA:112,9
DA:247,31
LF:4
LH:4
BRF:0
BRH:0
end_of_record
TN:
SF:src\services\storage.js
FN:6,patchStateFromSeed
FN:7,(anonymous_1)
FN:8,(anonymous_2)
FN:11,(anonymous_3)
FN:19,(anonymous_4)
FN:38,(anonymous_5)
FN:57,loadState
FN:76,saveState
FN:80,resetStorage
FN:86,initStorage
FNF:10
FNH:9
FNDA:55,patchStateFromSeed
FNDA:385,(anonymous_1)
FNDA:330,(anonymous_2)
FNDA:380,(anonymous_3)
FNDA:385,(anonymous_4)
FNDA:330,(anonymous_5)
FNDA:59,loadState
FNDA:57,saveState
FNDA:25,resetStorage
FNDA:0,initStorage
DA:3,8
DA:7,385
DA:8,330
DA:9,55
DA:11,380
DA:12,55
DA:13,385
DA:14,5
DA:15,5
DA:19,55
DA:20,385
DA:21,385
DA:22,330
DA:24,385
DA:25,385
DA:26,0
DA:27,0
DA:38,55
DA:39,330
DA:40,330
DA:41,330
DA:42,330
DA:43,330
DA:44,330
DA:45,5
DA:46,5
DA:54,55
DA:58,59
DA:59,59
DA:60,59
DA:61,3
DA:62,3
DA:63,3
DA:65,56
DA:66,56
DA:67,56
DA:68,55
DA:70,1
DA:71,1
DA:72,1
DA:77,57
DA:81,25
DA:82,25
DA:83,25
DA:87,0
LF:45
LH:42
BRDA:13,0,0,5
BRDA:13,0,1,380
BRDA:21,1,0,55
BRDA:21,1,1,330
BRDA:21,2,0,385
BRDA:21,2,1,385
BRDA:22,3,0,330
BRDA:22,3,1,0
BRDA:24,4,0,385
BRDA:24,4,1,330
BRDA:24,4,2,330
BRDA:24,4,3,330
BRDA:25,5,0,330
BRDA:25,5,1,55
BRDA:29,6,0,0
BRDA:29,6,1,0
BRDA:30,7,0,385
BRDA:30,7,1,0
BRDA:31,8,0,385
BRDA:31,8,1,0
BRDA:32,9,0,385
BRDA:32,9,1,0
BRDA:33,10,0,385
BRDA:33,10,1,0
BRDA:34,11,0,385
BRDA:34,11,1,0
BRDA:40,12,0,0
BRDA:40,12,1,330
BRDA:41,13,0,330
BRDA:41,13,1,5
BRDA:44,14,0,325
BRDA:44,14,1,5
BRDA:44,15,0,330
BRDA:44,15,1,325
BRDA:50,16,0,5
BRDA:50,16,1,0
BRDA:60,17,0,3
BRDA:60,17,1,56
BRDA:67,18,0,1
BRDA:67,18,1,55
BRF:40
BRH:30
end_of_record
TN:
SF:src\test\testUtils.jsx
FN:7,renderWithProviders
FNF:1
FNH:1
FNDA:3,renderWithProviders
DA:8,3
LF:1
LH:1
BRDA:7,0,0,3
BRDA:7,1,0,3
BRF:2
BRH:2
end_of_record
TN:
SF:src\utils\formatPhone.js
FN:2,formatPhoneCO
FN:10,phoneDigitsForWa
FNF:2
FNH:2
FNDA:7,formatPhoneCO
FNDA:5,phoneDigitsForWa
DA:3,7
DA:4,6
DA:5,6
DA:6,7
DA:7,5
DA:11,5
DA:12,5
DA:13,5
DA:14,1
LF:9
LH:9
BRDA:3,0,0,1
BRDA:3,0,1,6
BRDA:5,1,0,1
BRDA:5,1,1,5
BRDA:6,2,0,1
BRDA:6,2,1,6
BRDA:11,3,0,5
BRDA:11,3,1,1
BRDA:12,4,0,0
BRDA:12,4,1,5
BRDA:13,5,0,4
BRDA:13,5,1,1
BRF:12
BRH:11
end_of_record
TN:
SF:src\utils\imageFiles.js
FN:3,readSingleFileAsBase64
FN:5,(anonymous_1)
FN:8,readFilesAsBase64
FN:11,(anonymous_3)
FN:13,(anonymous_4)
FN:15,(anonymous_5)
FNF:6
FNH:6
FNDA:2,readSingleFileAsBase64
FNDA:1,(anonymous_1)
FNDA:2,readFilesAsBase64
FNDA:2,(anonymous_3)
FNDA:2,(anonymous_4)
FNDA:2,(anonymous_5)
DA:4,2
DA:5,1
DA:9,2
DA:10,2
DA:13,2
DA:14,2
DA:15,2
DA:16,2
DA:17,2
LF:9
LH:9
BRDA:4,0,0,1
BRDA:4,0,1,1
BRDA:5,1,0,1
BRDA:5,1,1,0
BRDA:9,2,0,2
BRDA:9,2,1,0
BRF:6
BRH:4
end_of_record
TN:
SF:src\utils\publicAsset.js
FN:2,publicAsset
FNF:1
FNH:1
FNDA:101,publicAsset
DA:3,101
DA:4,101
DA:5,101
LF:3
LH:3
BRDA:4,0,0,101
BRDA:4,0,1,0
BRF:2
BRH:1
end_of_record
TN:
SF:src\utils\serviceHelpers.js
FN:1,getAverageRating
FN:3,(anonymous_1)
FN:7,formatPrice
FN:15,filterAndSortServices
FN:20,(anonymous_4)
FN:29,(anonymous_5)
FN:34,(anonymous_6)
FN:37,(anonymous_7)
FN:40,(anonymous_8)
FN:43,(anonymous_9)
FN:46,(anonymous_10)
FNF:11
FNH:11
FNDA:44,getAverageRating
FNDA:144,(anonymous_1)
FNDA:41,formatPrice
FNDA:28,filterAndSortServices
FNDA:116,(anonymous_4)
FNDA:7,(anonymous_5)
FNDA:1,(anonymous_6)
FNDA:1,(anonymous_7)
FNDA:1,(anonymous_8)
FNDA:1,(anonymous_9)
FNDA:51,(anonymous_10)
DA:2,44
DA:3,144
DA:4,42
DA:8,41
DA:16,28
DA:17,28
DA:19,28
DA:20,20
DA:22,116
DA:28,28
DA:29,7
DA:32,28
DA:34,1
DA:35,1
DA:37,1
DA:38,1
DA:40,1
DA:41,1
DA:43,1
DA:44,1
DA:46,51
DA:49,28
LF:22
LH:22
BRDA:1,0,0,44
BRDA:2,1,0,2
BRDA:2,1,1,42
BRDA:19,2,0,20
BRDA:19,2,1,8
BRDA:22,3,0,116
BRDA:22,3,1,104
BRDA:22,3,2,100
BRDA:28,4,0,2
BRDA:28,4,1,26
BRDA:28,5,0,28
BRDA:28,5,1,28
BRDA:32,6,0,1
BRDA:32,6,1,1
BRDA:32,6,2,1
BRDA:32,6,3,1
BRDA:32,6,4,24
BRF:17
BRH:17
end_of_record
TN:
SF:src\utils\validators.js
FN:3,isValidEmail
FN:7,isValidPassword
FN:11,isValidPrice
FN:16,isValidTitle
FN:21,isValidDescription
FN:26,isValidReviewComment
FN:31,isValidRating
FN:38,validateImageFiles
FN:43,(anonymous_8)
FNF:9
FNH:9
FNDA:5,isValidEmail
FNDA:4,isValidPassword
FNDA:4,isValidPrice
FNDA:3,isValidTitle
FNDA:3,isValidDescription
FNDA:6,isValidReviewComment
FNDA:7,isValidRating
FNDA:4,validateImageFiles
FNDA:2,(anonymous_8)
DA:1,10
DA:4,5
DA:8,4
DA:12,4
DA:13,4
DA:17,3
DA:18,3
DA:22,3
DA:23,3
DA:27,6
DA:28,6
DA:32,7
DA:33,7
DA:36,10
DA:39,4
DA:40,3
DA:41,1
DA:43,2
DA:44,2
DA:45,1
LF:20
LH:20
BRDA:13,0,0,4
BRDA:13,0,1,4
BRDA:18,1,0,3
BRDA:18,1,1,2
BRDA:23,2,0,3
BRDA:23,2,1,2
BRDA:28,3,0,6
BRDA:28,3,1,4
BRDA:33,4,0,7
BRDA:33,4,1,7
BRDA:33,4,2,6
BRDA:39,5,0,1
BRDA:39,5,1,3
BRDA:39,6,0,4
BRDA:39,6,1,3
BRDA:40,7,0,1
BRDA:40,7,1,2
BRDA:44,8,0,1
BRDA:44,8,1,1
BRF:19
BRH:19
end_of_record
TN:
SF:src\views\Auth\AuthLayout.jsx
FN:6,FeatureCard
FN:20,AuthLayout
FN:39,(anonymous_2)
FNF:3
FNH:3
FNDA:102,FeatureCard
FNDA:34,AuthLayout
FNDA:102,(anonymous_2)
DA:7,102
DA:27,34
DA:40,102
LF:3
LH:3
BRDA:24,0,0,34
BRDA:25,1,0,34
BRDA:37,2,0,34
BRDA:37,2,1,34
BRDA:49,3,0,34
BRDA:49,3,1,34
BRF:6
BRH:6
end_of_record
TN:
SF:src\views\Auth\LoginView.jsx
FN:16,LoginView
FN:24,(anonymous_1)
FN:62,(anonymous_2)
FN:73,(anonymous_3)
FN:80,(anonymous_4)
FNF:5
FNH:4
FNDA:34,LoginView
FNDA:2,(anonymous_1)
FNDA:20,(anonymous_2)
FNDA:8,(anonymous_3)
FNDA:0,(anonymous_4)
DA:10,2
DA:17,34
DA:18,34
DA:19,34
DA:20,34
DA:21,34
DA:22,34
DA:24,34
DA:25,2
DA:26,2
DA:27,2
DA:28,2
DA:29,2
DA:30,1
DA:31,1
DA:32,1
DA:34,1
DA:35,1
DA:36,1
DA:37,1
DA:41,34
DA:62,20
DA:73,8
DA:80,0
LF:24
LH:23
BRDA:27,0,0,1
BRDA:27,0,1,1
BRDA:28,1,0,1
BRDA:28,1,1,1
BRDA:29,2,0,1
BRDA:29,2,1,1
BRDA:35,3,0,1
BRDA:35,3,1,0
BRF:8
BRH:7
end_of_record
TN:
SF:src\views\Home\HomeView.jsx
FN:10,HomeView
FN:17,(anonymous_1)
FN:41,(anonymous_2)
FN:47,(anonymous_3)
FN:51,(anonymous_4)
FN:63,(anonymous_5)
FN:67,(anonymous_6)
FN:81,(anonymous_7)
FNF:8
FNH:7
FNDA:23,HomeView
FNDA:23,(anonymous_1)
FNDA:20,(anonymous_2)
FNDA:0,(anonymous_3)
FNDA:115,(anonymous_4)
FNDA:184,(anonymous_5)
FNDA:1,(anonymous_6)
FNDA:35,(anonymous_7)
DA:11,23
DA:12,23
DA:13,23
DA:14,23
DA:15,23
DA:17,23
DA:22,23
DA:24,23
DA:41,20
DA:47,0
DA:52,115
DA:64,184
DA:67,1
DA:82,35
LF:14
LH:13
BRDA:22,0,0,23
BRDA:22,0,1,0
BRDA:69,1,0,23
BRDA:69,1,1,161
BRDA:85,2,0,23
BRDA:85,2,1,14
BRF:6
BRH:5
end_of_record
TN:
SF:src\views\ServiceDetail\ServiceDetailView.jsx
FN:19,ServiceDetailView
FN:28,(anonymous_1)
FN:37,(anonymous_2)
FN:61,(anonymous_3)
FN:136,(anonymous_4)
FN:146,(anonymous_5)
FN:161,(anonymous_6)
FN:169,(anonymous_7)
FNF:8
FNH:5
FNDA:4,ServiceDetailView
FNDA:5,(anonymous_1)
FNDA:1,(anonymous_2)
FNDA:10,(anonymous_3)
FNDA:0,(anonymous_4)
FNDA:0,(anonymous_5)
FNDA:1,(anonymous_6)
FNDA:0,(anonymous_7)
DA:20,4
DA:21,4
DA:22,4
DA:23,4
DA:24,4
DA:26,4
DA:28,4
DA:29,5
DA:30,5
DA:37,4
DA:38,1
DA:39,1
DA:40,0
DA:41,0
DA:43,1
DA:44,1
DA:47,4
DA:48,0
DA:58,4
DA:59,4
DA:60,4
DA:61,10
DA:63,4
DA:68,4
DA:136,0
DA:146,0
DA:161,1
DA:169,0
LF:28
LH:22
BRDA:29,0,0,0
BRDA:29,0,1,5
BRDA:31,1,0,5
BRDA:31,1,1,0
BRDA:31,1,2,0
BRDA:39,2,0,0
BRDA:39,2,1,1
BRDA:39,3,0,1
BRDA:39,3,1,0
BRDA:47,4,0,0
BRDA:47,4,1,4
BRDA:60,5,0,4
BRDA:60,5,1,0
BRDA:63,6,0,4
BRDA:63,6,1,2
BRDA:63,6,2,2
BRDA:63,6,3,2
BRDA:63,6,4,0
BRDA:94,7,0,4
BRDA:94,7,1,0
BRDA:99,8,0,4
BRDA:99,8,1,4
BRDA:104,9,0,4
BRDA:104,9,1,4
BRDA:122,10,0,4
BRDA:122,10,1,0
BRDA:126,11,0,4
BRDA:126,11,1,4
BRDA:127,12,0,4
BRDA:127,12,1,4
BRDA:130,13,0,4
BRDA:130,13,1,0
BRDA:130,13,2,4
BRDA:132,14,0,4
BRDA:132,14,1,4
BRDA:142,15,0,4
BRDA:142,15,1,4
BRDA:160,16,0,4
BRDA:160,16,1,2
BRDA:168,17,0,4
BRDA:168,17,1,1
BRF:41
BRH:30
end_of_record
